<?xml version="1.0" encoding="UTF-8"?>
<testsuite name="autotests.unauthorized.WelcomeViewTest" tests="2" skipped="0" failures="0" errors="0" timestamp="2019-03-17T18:38:56" hostname="Marias-MacBook-Pro.local" time="58.378">
  <properties/>
  <testcase name="testAreHeadlineAndMessageCorrect()" classname="autotests.unauthorized.WelcomeViewTest" time="42.437"/>
  <testcase name="testIsLandingPageDisplayedOnlyOnce()" classname="autotests.unauthorized.WelcomeViewTest" time="15.929"/>
  <system-out><![CDATA[2019-03-17 21:38:56 INFO  [BeamLogger] - *** Test are headline and message correct is started ***
2019-03-17 21:38:56 INFO  [BeamLogger] - Check is Welcome view visible
2019-03-17 21:39:07 WARN  [BeamLogger] - Welcome view headline not found: By.AccessibilityId: Welcome to Beam 2
2019-03-17 21:39:07 INFO  [BeamLogger] - Reinstall app
2019-03-17 21:39:38 INFO  [BeamLogger] - *** Test are headline and message correct is passed successfully ***
2019-03-17 21:39:38 INFO  [BeamLogger] - ***
2019-03-17 21:39:39 INFO  [BeamLogger] - *** Test is Welcome page displayed only once is started ***
2019-03-17 21:39:39 INFO  [BeamLogger] - Check is Welcome view visible
2019-03-17 21:39:40 INFO  [BeamLogger] - Terminate app
2019-03-17 21:39:41 INFO  [BeamLogger] - Launch app
2019-03-17 21:39:44 INFO  [BeamLogger] - Check is Welcome view visible
2019-03-17 21:39:55 WARN  [BeamLogger] - Welcome view headline not found: By.AccessibilityId: Welcome to Beam 2
2019-03-17 21:39:55 INFO  [BeamLogger] - *** Test is Welcome page displayed only once is passed successfully ***
2019-03-17 21:39:55 INFO  [BeamLogger] - ***
]]></system-out>
  <system-err><![CDATA[]]></system-err>
</testsuite>
